<?xml version="1.0" encoding="UTF-8"?>
<testsuite name="Start001" tests="1" skipped="0" failures="0" errors="0" timestamp="2022-06-18T18:59:56" hostname="DESKTOP-P7LS7IG" time="2.878">
  <properties/>
  <testcase name="firstRegistrationSuccess" classname="Start001" time="2.878"/>
  <system-out><![CDATA[]]></system-out>
  <system-err><![CDATA[Starting ChromeDriver 102.0.5005.61 (0e59bcc00cc4985ce39ad31c150065f159d95ad3-refs/branch-heads/5005@{#819}) on port 55573
Only local connections are allowed.
Please see https://chromedriver.chromium.org/security-considerations for suggestions on keeping ChromeDriver safe.
ChromeDriver was started successfully.
Jun 18, 2022 9:59:57 PM org.openqa.selenium.remote.ProtocolHandshake createSession
INFO: Detected upstream dialect: W3C
Jun 18, 2022 9:59:57 PM org.openqa.selenium.devtools.CdpVersionFinder findNearestMatch
INFO: Found exact CDP implementation for version 102
]]></system-err>
</testsuite>
